2023-07-07 10:18:58.161 [main] INFO  solvd.airline.menu.MainMenu - 
Please choose an option:
2023-07-07 10:18:58.171 [main] INFO  solvd.airline.menu.MainMenu - 
1. Check routes
2023-07-07 10:18:58.171 [main] INFO  solvd.airline.menu.MainMenu - 
2. Exit
2023-07-07 10:37:55.526 [main] INFO  solvd.airline.menu.MainMenu - 
Please choose an option to get start:
2023-07-07 10:37:55.528 [main] INFO  solvd.airline.menu.MainMenu - 
1. Check routes
2023-07-07 10:37:55.528 [main] INFO  solvd.airline.menu.MainMenu - 
2. Exit
2023-07-07 10:38:52.389 [main] INFO  solvd.airline.menu.MainMenu - 
Please choose an option to get start:
2023-07-07 10:38:52.391 [main] INFO  solvd.airline.menu.MainMenu - 
1. Check routes
2023-07-07 10:38:52.391 [main] INFO  solvd.airline.menu.MainMenu - 
2. Exit
2023-07-07 10:39:53.164 [main] INFO  solvd.airline.menu.MainMenu - 
Please choose an option to get start:
2023-07-07 10:39:53.166 [main] INFO  solvd.airline.menu.MainMenu - 
1. Check routes
2023-07-07 10:39:53.166 [main] INFO  solvd.airline.menu.MainMenu - 
2. Exit
2023-07-07 10:39:54.728 [main] INFO  solvd.airline.menu.MainMenu - 
Please enter your current location id:
